<?xml version="1.0" encoding="UTF-8"?>
<!-- Generated by org.testng.reporters.JUnitReportReporter -->
<testsuite hostname="LAPTOP-C2RA5JIE" failures="0" tests="1" name="SriMavenPractice.SriMavenPractice.AppTest" time="0.001" errors="0" timestamp="2019-12-19T19:41:18 EST" skipped="0">
  <testcase classname="SriMavenPractice.SriMavenPractice.AppTest" name="testApp" time="0.001"/>
</testsuite> <!-- SriMavenPractice.SriMavenPractice.AppTest -->
