<?xml version="1.0" encoding="UTF-8"?>
<!-- Generated by org.testng.reporters.JUnitReportReporter -->
<testsuite hostname="LAPTOP-C2RA5JIE" failures="0" tests="1" name="MavenPractice.NewTest" time="12.546" errors="0" timestamp="2019-12-19T17:38:23 EST" skipped="0">
  <testcase classname="MavenPractice.NewTest" name="ExecuteTest" time="12.546"/>
</testsuite> <!-- MavenPractice.NewTest -->
